<?xml version="1.0" encoding="UTF-8"?>
<testsuite xmlns:xsi="http://www.w3.org/2001/XMLSchema-instance" xsi:noNamespaceSchemaLocation="https://maven.apache.org/surefire/maven-surefire-plugin/xsd/surefire-test-report.xsd" name="wad.AliveTest" time="0.085" tests="3" errors="0" skipped="0" failures="0">
  <properties>
[...]
</properties>
  <testcase name="hasGithub" classname="wad.AliveTest" time="0.003"/>
  <testcase name="hasTravis" classname="wad.AliveTest" time="0"/>
  <testcase name="hasHerokuapp" classname="wad.AliveTest" time="0"/>
</testsuite>